\BOOKMARK [0][-]{chapter.1}{第1章  绪论}{}% 1
\BOOKMARK [1][-]{section.1.1}{1.1 课题研究背景}{chapter.1}% 2
\BOOKMARK [2][-]{subsection.1.1.1}{1.1.1 课题背景与意义}{section.1.1}% 3
\BOOKMARK [2][-]{subsection.1.1.2}{1.1.2 研究问题与难点}{section.1.1}% 4
\BOOKMARK [1][-]{section.1.2}{1.2 国内外研究现状}{chapter.1}% 5
\BOOKMARK [1][-]{section.1.3}{1.3 常用数据集}{chapter.1}% 6
\BOOKMARK [2][-]{subsection.1.3.1}{1.3.1\040MCG-WEBV}{section.1.3}% 7
\BOOKMARK [2][-]{subsection.1.3.2}{1.3.2\040YKS}{section.1.3}% 8
\BOOKMARK [1][-]{section.1.4}{1.4 论文内容与组织结构}{chapter.1}% 9
\BOOKMARK [0][-]{chapter.2}{第2章  网络话题的快速生成}{}% 10
\BOOKMARK [1][-]{section.2.1}{2.1 引言}{chapter.2}% 11
\BOOKMARK [1][-]{section.2.2}{2.2 相似度图的构建}{chapter.2}% 12
\BOOKMARK [1][-]{section.2.3}{2.3 网络话题的Lévy Walks特性}{chapter.2}% 13
\BOOKMARK [1][-]{section.2.4}{2.4 通过模拟Lévy Walks生成话题}{chapter.2}% 14
\BOOKMARK [2][-]{subsection.2.4.1}{2.4.1 寻找种子网页}{section.2.4}% 15
\BOOKMARK [2][-]{subsection.2.4.2}{2.4.2 网页多分配算法}{section.2.4}% 16
\BOOKMARK [2][-]{subsection.2.4.3}{2.4.3 话题排序}{section.2.4}% 17
\BOOKMARK [2][-]{subsection.2.4.4}{2.4.4 时间复杂度分析}{section.2.4}% 18
\BOOKMARK [1][-]{section.2.5}{2.5 实验验证}{chapter.2}% 19
\BOOKMARK [2][-]{subsection.2.5.1}{2.5.1 数据预处理}{section.2.5}% 20
\BOOKMARK [2][-]{subsection.2.5.2}{2.5.2 评测标准}{section.2.5}% 21
\BOOKMARK [2][-]{subsection.2.5.3}{2.5.3 实验设置}{section.2.5}% 22
\BOOKMARK [2][-]{subsection.2.5.4}{2.5.4 与聚类算法的对比}{section.2.5}% 23
\BOOKMARK [2][-]{subsection.2.5.5}{2.5.5 与网络话题检测算法的对比}{section.2.5}% 24
\BOOKMARK [1][-]{section.2.6}{2.6 小结}{chapter.2}% 25
\BOOKMARK [0][-]{chapter.3}{第3章  网络话题的快速排序}{}% 26
\BOOKMARK [1][-]{section.3.1}{3.1 引言}{chapter.3}% 27
\BOOKMARK [0][-]{chapter.4}{第4章  并行化处理}{}% 28
\BOOKMARK [1][-]{section.4.1}{4.1 并行处理}{chapter.4}% 29
\BOOKMARK [0][-]{chapter.5}{第5章  总结与展望}{}% 30
\BOOKMARK [1][-]{section.5.1}{5.1 本文工作总结}{chapter.5}% 31
\BOOKMARK [1][-]{section.5.2}{5.2 未来研究展望}{chapter.5}% 32
\BOOKMARK [0][-]{appendix.A}{附录 A  中国科学院大学学位论文撰写要求}{}% 33
\BOOKMARK [1][-]{section.A.1}{A.1 论文无附录者无需附录部分}{appendix.A}% 34
\BOOKMARK [1][-]{section.A.2}{A.2 测试公式编号}{appendix.A}% 35
\BOOKMARK [1][-]{section.A.3}{A.3 测试生僻字}{appendix.A}% 36
\BOOKMARK [0][-]{section*.18}{参考文献}{}% 37
\BOOKMARK [0][-]{appendix*.20}{作者简历及攻读学位期间发表的学术论文与研究成果}{}% 38
\BOOKMARK [0][-]{appendix*.24}{致谢}{}% 39
